
RAxML-NG v. 1.2.2-master released on 30.04.2024 by The Exelixis Lab.
Developed by: Alexey M. Kozlov and Alexandros Stamatakis.
Contributors: Diego Darriba, Tomas Flouri, Benoit Morel, Sarah Lutteropp, Ben Bettisworth, Julia Haag, Anastasis Togkousidis.
Latest version: https://github.com/amkozlov/raxml-ng
Questions/problems/suggestions? Please visit: https://groups.google.com/forum/#!forum/raxml

System: Intel(R) Core(TM) i5-9600K CPU @ 3.70GHz, 6 cores, 62 GB RAM (allocated: 3 physical cores)

RAxML-NG was called at 10-Mar-2025 05:58:19 as follows:

/home/adrien/Bureau/bioinfo.starter_am_taschen/data/data_raw/refseq/raxml-ng_v1.2.2_linux_x86_64/raxml-ng --all --msa seqs_for_mafft_MAFFTED.fasta --model GTR+G --tree pars{10} --bs-trees 200 --prefix raxml_asv_muco_og

Analysis options:
  run mode: ML tree search + bootstrapping (Felsenstein Bootstrap)
  start tree(s): parsimony (10)
  bootstrap replicates: parsimony (200)
  random seed: 1741582699
  tip-inner: OFF
  pattern compression: ON
  per-rate scalers: OFF
  site repeats: ON
  logLH epsilon: general: 10.000000, brlen-triplet: 1000.000000
  fast spr radius: AUTO
  spr subtree cutoff: 1.000000
  fast CLV updates: ON
  branch lengths: proportional (ML estimate, algorithm: NR-FAST)
  SIMD kernels: AVX2
  parallelization: coarse-grained (auto), PTHREADS (auto)

[00:00:00] Reading alignment from file: seqs_for_mafft_MAFFTED.fasta
[00:00:00] Loaded alignment with 152 taxa and 1891 sites

Alignment comprises 1 partitions and 658 patterns

Partition 0: noname
Model: GTR+FO+G4m
Alignment sites / patterns: 1891 / 658
Gaps: 70.32 %
Invariant sites: 70.60 %


NOTE: Binary MSA file created: raxml_asv_muco_og.raxml.rba

Parallelization scheme autoconfig: 3 worker(s) x 1 thread(s)

[00:00:00] Generating 10 parsimony starting tree(s) with 152 taxa
Parallel parsimony with 3 threads
Parallel reduction/worker buffer size: 1 KB  / 0 KB

[00:00:00] Data distribution: max. partitions/sites/weight per thread: 1 / 658 / 10528
[00:00:00] Data distribution: max. searches per worker: 71

Starting ML tree search with 10 distinct starting trees

[00:00:15] [worker #1] ML tree search #2, logLikelihood: -13335.338796
[00:00:16] [worker #2] ML tree search #3, logLikelihood: -13344.260566
[00:00:17] [worker #0] ML tree search #1, logLikelihood: -13346.458515
[00:00:33] [worker #2] ML tree search #6, logLikelihood: -13337.435032
[00:00:35] [worker #1] ML tree search #5, logLikelihood: -13337.446524
[00:00:36] [worker #0] ML tree search #4, logLikelihood: -13339.288853
[00:00:49] [worker #2] ML tree search #9, logLikelihood: -13342.137518
[00:00:51] [worker #0] ML tree search #7, logLikelihood: -13341.904157
[00:00:51] [worker #1] ML tree search #8, logLikelihood: -13338.191894
[00:01:08] [worker #0] ML tree search #10, logLikelihood: -13335.456467

[00:01:08] ML tree search completed, best tree logLH: -13335.338796

[00:01:08] Starting bootstrapping analysis with 200 replicates.

[00:01:19] [worker #2] Bootstrap tree #3, logLikelihood: -13249.003692
[00:01:20] [worker #0] Bootstrap tree #1, logLikelihood: -12909.357920
[00:01:21] [worker #1] Bootstrap tree #2, logLikelihood: -12852.502982
[00:01:32] [worker #2] Bootstrap tree #6, logLikelihood: -13661.255106
[00:01:32] [worker #0] Bootstrap tree #4, logLikelihood: -13582.880214
[00:01:34] [worker #1] Bootstrap tree #5, logLikelihood: -13396.075813
[00:01:43] [worker #2] Bootstrap tree #9, logLikelihood: -12824.391827
[00:01:45] [worker #1] Bootstrap tree #8, logLikelihood: -12503.660560
[00:01:45] [worker #0] Bootstrap tree #7, logLikelihood: -12271.624176
[00:01:54] [worker #2] Bootstrap tree #12, logLikelihood: -13837.003645
[00:01:57] [worker #1] Bootstrap tree #11, logLikelihood: -13351.811965
[00:01:58] [worker #0] Bootstrap tree #10, logLikelihood: -12384.083667
[00:02:06] [worker #2] Bootstrap tree #15, logLikelihood: -13029.024884
[00:02:10] [worker #1] Bootstrap tree #14, logLikelihood: -12942.689187
[00:02:11] [worker #0] Bootstrap tree #13, logLikelihood: -13161.730885
[00:02:16] [worker #2] Bootstrap tree #18, logLikelihood: -13350.159303
[00:02:22] [worker #1] Bootstrap tree #17, logLikelihood: -12910.126893
[00:02:23] [worker #0] Bootstrap tree #16, logLikelihood: -12584.821406
[00:02:32] [worker #2] Bootstrap tree #21, logLikelihood: -12941.474446
[00:02:35] [worker #1] Bootstrap tree #20, logLikelihood: -13454.748800
[00:02:35] [worker #0] Bootstrap tree #19, logLikelihood: -12598.432478
[00:02:44] [worker #2] Bootstrap tree #24, logLikelihood: -12186.932339
[00:02:47] [worker #0] Bootstrap tree #22, logLikelihood: -13200.196288
[00:02:47] [worker #1] Bootstrap tree #23, logLikelihood: -12904.866943
[00:02:56] [worker #2] Bootstrap tree #27, logLikelihood: -12118.891450
[00:02:59] [worker #0] Bootstrap tree #25, logLikelihood: -12431.623325
[00:03:00] [worker #1] Bootstrap tree #26, logLikelihood: -13283.335388
[00:03:09] [worker #2] Bootstrap tree #30, logLikelihood: -13378.819357
[00:03:09] [worker #0] Bootstrap tree #28, logLikelihood: -12009.589605
[00:03:12] [worker #1] Bootstrap tree #29, logLikelihood: -12848.590686
[00:03:20] [worker #2] Bootstrap tree #33, logLikelihood: -12114.537517
[00:03:22] [worker #0] Bootstrap tree #31, logLikelihood: -13736.938025
[00:03:25] [worker #1] Bootstrap tree #32, logLikelihood: -13190.364285
[00:03:31] [worker #2] Bootstrap tree #36, logLikelihood: -12651.958965
[00:03:35] [worker #0] Bootstrap tree #34, logLikelihood: -12939.930906
[00:03:37] [worker #1] Bootstrap tree #35, logLikelihood: -12524.778552
[00:03:43] [worker #2] Bootstrap tree #39, logLikelihood: -13023.532274
[00:03:47] [worker #0] Bootstrap tree #37, logLikelihood: -13226.854686
[00:03:49] [worker #1] Bootstrap tree #38, logLikelihood: -13890.040988
[00:03:55] [worker #2] Bootstrap tree #42, logLikelihood: -12725.968070
[00:03:59] [worker #0] Bootstrap tree #40, logLikelihood: -12367.083657
[00:04:00] [worker #1] Bootstrap tree #41, logLikelihood: -13742.230834
[00:04:07] [worker #2] Bootstrap tree #45, logLikelihood: -13368.471421
[00:04:11] [worker #0] Bootstrap tree #43, logLikelihood: -12582.984822
[00:04:12] [worker #1] Bootstrap tree #44, logLikelihood: -12884.947532
[00:04:19] [worker #2] Bootstrap tree #48, logLikelihood: -13197.982986
[00:04:24] [worker #0] Bootstrap tree #46, logLikelihood: -12906.245928
[00:04:27] [worker #1] Bootstrap tree #47, logLikelihood: -12506.930685
[00:04:36] [worker #0] Bootstrap tree #49, logLikelihood: -13331.689010
[00:04:41] [worker #1] Bootstrap tree #50, logLikelihood: -13125.763860
[00:04:54] [worker #2] Bootstrap tree #51, logLikelihood: -13064.635750
[00:04:55] [worker #0] Bootstrap tree #52, logLikelihood: -11850.299921
[00:04:55] [worker #1] Bootstrap tree #53, logLikelihood: -13464.095995
[00:05:05] [worker #1] Bootstrap tree #56, logLikelihood: -12139.225173
[00:05:07] [worker #2] Bootstrap tree #54, logLikelihood: -12782.029055
[00:05:07] [worker #0] Bootstrap tree #55, logLikelihood: -12167.292095
[00:05:17] [worker #1] Bootstrap tree #59, logLikelihood: -12343.364928
[00:05:19] [worker #2] Bootstrap tree #57, logLikelihood: -12913.259899
[00:05:20] [worker #0] Bootstrap tree #58, logLikelihood: -13788.931557
[00:05:28] [worker #1] Bootstrap tree #62, logLikelihood: -13051.916742
[00:05:32] [worker #2] Bootstrap tree #60, logLikelihood: -12608.054339
[00:05:32] [worker #0] Bootstrap tree #61, logLikelihood: -13180.544550
[00:05:41] [worker #1] Bootstrap tree #65, logLikelihood: -12322.729520
[00:05:44] [worker #0] Bootstrap tree #64, logLikelihood: -12520.227406
[00:05:46] [worker #2] Bootstrap tree #63, logLikelihood: -13165.318228
[00:05:54] [worker #1] Bootstrap tree #68, logLikelihood: -13142.301503
[00:05:56] [worker #0] Bootstrap tree #67, logLikelihood: -14031.119810
[00:05:59] [worker #2] Bootstrap tree #66, logLikelihood: -13512.093171
[00:06:04] [worker #1] Bootstrap tree #71, logLikelihood: -13154.219834
[00:06:08] [worker #0] Bootstrap tree #70, logLikelihood: -12988.998370
[00:06:12] [worker #2] Bootstrap tree #69, logLikelihood: -12856.052601
[00:06:17] [worker #1] Bootstrap tree #74, logLikelihood: -13319.998104
[00:06:21] [worker #0] Bootstrap tree #73, logLikelihood: -13154.178232
[00:06:22] [worker #2] Bootstrap tree #72, logLikelihood: -12591.896815
[00:06:29] [worker #1] Bootstrap tree #77, logLikelihood: -12762.205106
[00:06:33] [worker #0] Bootstrap tree #76, logLikelihood: -13545.794776
[00:06:34] [worker #2] Bootstrap tree #75, logLikelihood: -12912.352697
[00:06:40] [worker #1] Bootstrap tree #80, logLikelihood: -12054.106689
[00:06:46] [worker #0] Bootstrap tree #79, logLikelihood: -13696.496410
[00:06:47] [worker #2] Bootstrap tree #78, logLikelihood: -13320.944728
[00:06:52] [worker #1] Bootstrap tree #83, logLikelihood: -13420.641453
[00:06:59] [worker #2] Bootstrap tree #81, logLikelihood: -13107.564241
[00:06:59] [worker #0] Bootstrap tree #82, logLikelihood: -13877.308456
[00:07:06] [worker #1] Bootstrap tree #86, logLikelihood: -13080.490197
[00:07:10] [worker #0] Bootstrap tree #85, logLikelihood: -12613.038010
[00:07:12] [worker #2] Bootstrap tree #84, logLikelihood: -13716.474516
[00:07:20] [worker #1] Bootstrap tree #89, logLikelihood: -13385.569875
[00:07:23] [worker #0] Bootstrap tree #88, logLikelihood: -13731.358005
[00:07:24] [worker #2] Bootstrap tree #87, logLikelihood: -13788.273106
[00:07:33] [worker #1] Bootstrap tree #92, logLikelihood: -13074.567750
[00:07:35] [worker #0] Bootstrap tree #91, logLikelihood: -12358.600650
[00:07:36] [worker #2] Bootstrap tree #90, logLikelihood: -12956.115969
[00:07:46] [worker #1] Bootstrap tree #95, logLikelihood: -12483.884520
[00:07:46] [worker #0] Bootstrap tree #94, logLikelihood: -14358.946449
[00:07:48] [worker #2] Bootstrap tree #93, logLikelihood: -12076.955263
[00:07:59] [worker #1] Bootstrap tree #98, logLikelihood: -13141.915889
[00:08:00] [worker #0] Bootstrap tree #97, logLikelihood: -13956.604448
[00:08:01] [worker #2] Bootstrap tree #96, logLikelihood: -13117.343739
[00:08:13] [worker #0] Bootstrap tree #100, logLikelihood: -13600.516030
[00:08:15] [worker #2] Bootstrap tree #99, logLikelihood: -12289.865485
[00:08:26] [worker #2] Bootstrap tree #102, logLikelihood: -12123.319465
[00:08:28] [worker #0] Bootstrap tree #103, logLikelihood: -13770.918566
[00:08:28] [worker #1] Bootstrap tree #101, logLikelihood: -13164.462230
[00:08:38] [worker #0] Bootstrap tree #106, logLikelihood: -12662.033315
[00:08:38] [worker #2] Bootstrap tree #105, logLikelihood: -14131.385868
[00:08:40] [worker #1] Bootstrap tree #104, logLikelihood: -13416.803131
[00:08:49] [worker #0] Bootstrap tree #109, logLikelihood: -12114.877013
[00:08:50] [worker #2] Bootstrap tree #108, logLikelihood: -13445.498580
[00:08:52] [worker #1] Bootstrap tree #107, logLikelihood: -14377.225451
[00:09:02] [worker #0] Bootstrap tree #112, logLikelihood: -12637.982080
[00:09:02] [worker #2] Bootstrap tree #111, logLikelihood: -13146.734544
[00:09:05] [worker #1] Bootstrap tree #110, logLikelihood: -12965.845118
[00:09:14] [worker #0] Bootstrap tree #115, logLikelihood: -13548.158644
[00:09:14] [worker #2] Bootstrap tree #114, logLikelihood: -12964.845835
[00:09:18] [worker #1] Bootstrap tree #113, logLikelihood: -13021.221507
[00:09:26] [worker #0] Bootstrap tree #118, logLikelihood: -12788.056736
[00:09:27] [worker #2] Bootstrap tree #117, logLikelihood: -13988.526358
[00:09:28] [worker #1] Bootstrap tree #116, logLikelihood: -13486.211704
[00:09:38] [worker #0] Bootstrap tree #121, logLikelihood: -13048.421225
[00:09:38] [worker #2] Bootstrap tree #120, logLikelihood: -13013.949243
[00:09:39] [worker #1] Bootstrap tree #119, logLikelihood: -13816.546796
[00:09:51] [worker #1] Bootstrap tree #122, logLikelihood: -13186.283182
[00:09:51] [worker #2] Bootstrap tree #123, logLikelihood: -12232.479557
[00:09:52] [worker #0] Bootstrap tree #124, logLikelihood: -13748.026354
[00:10:04] [worker #2] Bootstrap tree #126, logLikelihood: -14029.212556
[00:10:04] [worker #0] Bootstrap tree #127, logLikelihood: -12129.007105
[00:10:04] [worker #1] Bootstrap tree #125, logLikelihood: -13523.312724
[00:10:16] [worker #0] Bootstrap tree #130, logLikelihood: -13598.227521
[00:10:17] [worker #2] Bootstrap tree #129, logLikelihood: -12897.386104
[00:10:18] [worker #1] Bootstrap tree #128, logLikelihood: -12717.113261
[00:10:27] [worker #2] Bootstrap tree #132, logLikelihood: -13401.774904
[00:10:29] [worker #0] Bootstrap tree #133, logLikelihood: -14120.927830
[00:10:30] [worker #1] Bootstrap tree #131, logLikelihood: -12239.634248
[00:10:39] [worker #2] Bootstrap tree #135, logLikelihood: -12554.581749
[00:10:42] [worker #0] Bootstrap tree #136, logLikelihood: -12268.733416
[00:10:43] [worker #1] Bootstrap tree #134, logLikelihood: -13502.295766
[00:10:51] [worker #2] Bootstrap tree #138, logLikelihood: -12917.347102
[00:10:55] [worker #0] Bootstrap tree #139, logLikelihood: -13005.386740
[00:10:55] [worker #1] Bootstrap tree #137, logLikelihood: -13702.704633
[00:11:04] [worker #2] Bootstrap tree #141, logLikelihood: -12706.802715
[00:11:08] [worker #1] Bootstrap tree #140, logLikelihood: -13416.647965
[00:11:08] [worker #0] Bootstrap tree #142, logLikelihood: -11472.782299
[00:11:16] [worker #2] Bootstrap tree #144, logLikelihood: -12709.558234
[00:11:19] [worker #1] Bootstrap tree #143, logLikelihood: -13030.339098
[00:11:21] [worker #0] Bootstrap tree #145, logLikelihood: -13336.620747
[00:11:29] [worker #2] Bootstrap tree #147, logLikelihood: -13125.413217
[00:11:32] [worker #1] Bootstrap tree #146, logLikelihood: -14266.774971
[00:11:33] [worker #0] Bootstrap tree #148, logLikelihood: -13022.145758
[00:11:42] [worker #2] Bootstrap tree #150, logLikelihood: -12532.413851
[00:11:42] [worker #1] Bootstrap tree #149, logLikelihood: -13037.300487
[00:11:53] [worker #2] Bootstrap tree #153, logLikelihood: -12818.705792
[00:11:54] [worker #1] Bootstrap tree #152, logLikelihood: -13327.554179
[00:11:55] [worker #0] Bootstrap tree #151, logLikelihood: -13399.833961
[00:12:04] [worker #2] Bootstrap tree #156, logLikelihood: -12547.036321
[00:12:07] [worker #0] Bootstrap tree #154, logLikelihood: -13127.077730
[00:12:08] [worker #1] Bootstrap tree #155, logLikelihood: -12844.844115
[00:12:17] [worker #2] Bootstrap tree #159, logLikelihood: -12637.996501
[00:12:18] [worker #0] Bootstrap tree #157, logLikelihood: -12580.545994
[00:12:20] [worker #1] Bootstrap tree #158, logLikelihood: -13482.887396
[00:12:29] [worker #2] Bootstrap tree #162, logLikelihood: -13028.001355
[00:12:31] [worker #0] Bootstrap tree #160, logLikelihood: -12754.488435
[00:12:33] [worker #1] Bootstrap tree #161, logLikelihood: -12263.516434
[00:12:41] [worker #2] Bootstrap tree #165, logLikelihood: -11955.624069
[00:12:43] [worker #0] Bootstrap tree #163, logLikelihood: -12905.612715
[00:12:46] [worker #1] Bootstrap tree #164, logLikelihood: -13560.734225
[00:12:53] [worker #2] Bootstrap tree #168, logLikelihood: -13930.738959
[00:12:54] [worker #0] Bootstrap tree #166, logLikelihood: -13473.734444
[00:12:58] [worker #1] Bootstrap tree #167, logLikelihood: -12123.404381
[00:13:04] [worker #2] Bootstrap tree #171, logLikelihood: -12741.038694
[00:13:07] [worker #0] Bootstrap tree #169, logLikelihood: -13540.591800
[00:13:09] [worker #1] Bootstrap tree #170, logLikelihood: -13112.028778
[00:13:16] [worker #2] Bootstrap tree #174, logLikelihood: -13409.435288
[00:13:20] [worker #0] Bootstrap tree #172, logLikelihood: -12729.488075
[00:13:20] [worker #1] Bootstrap tree #173, logLikelihood: -12988.039741
[00:13:27] [worker #2] Bootstrap tree #177, logLikelihood: -13712.217636
[00:13:32] [worker #1] Bootstrap tree #176, logLikelihood: -12859.988095
[00:13:32] [worker #0] Bootstrap tree #175, logLikelihood: -12950.395723
[00:13:40] [worker #2] Bootstrap tree #180, logLikelihood: -13276.923372
[00:13:44] [worker #1] Bootstrap tree #179, logLikelihood: -13849.639639
[00:13:44] [worker #0] Bootstrap tree #178, logLikelihood: -12345.713021
[00:13:53] [worker #2] Bootstrap tree #183, logLikelihood: -12165.176001
[00:13:56] [worker #1] Bootstrap tree #182, logLikelihood: -13304.990511
[00:13:56] [worker #0] Bootstrap tree #181, logLikelihood: -13156.836801
[00:14:06] [worker #2] Bootstrap tree #186, logLikelihood: -13280.783496
[00:14:07] [worker #1] Bootstrap tree #185, logLikelihood: -13326.068568
[00:14:10] [worker #0] Bootstrap tree #184, logLikelihood: -13429.615124
[00:14:18] [worker #2] Bootstrap tree #189, logLikelihood: -12609.574214
[00:14:19] [worker #1] Bootstrap tree #188, logLikelihood: -13312.521746
[00:14:23] [worker #0] Bootstrap tree #187, logLikelihood: -13774.370764
[00:14:30] [worker #1] Bootstrap tree #191, logLikelihood: -12258.539334
[00:14:31] [worker #2] Bootstrap tree #192, logLikelihood: -13053.093844
[00:14:35] [worker #0] Bootstrap tree #190, logLikelihood: -13026.765115
[00:14:42] [worker #1] Bootstrap tree #194, logLikelihood: -13229.265909
[00:14:43] [worker #2] Bootstrap tree #195, logLikelihood: -12930.602028
[00:14:48] [worker #0] Bootstrap tree #193, logLikelihood: -12524.358036
[00:14:54] [worker #1] Bootstrap tree #197, logLikelihood: -12750.245075
[00:14:55] [worker #2] Bootstrap tree #198, logLikelihood: -13491.086323
[00:15:01] [worker #0] Bootstrap tree #196, logLikelihood: -14005.780711
[00:15:08] [worker #1] Bootstrap tree #200, logLikelihood: -13556.459770
[00:15:13] [worker #0] Bootstrap tree #199, logLikelihood: -13869.256417

Optimized model parameters:

   Partition 0: noname
   Rate heterogeneity: GAMMA (4 cats, mean),  alpha: 0.235220 (ML),  weights&rates: (0.250000,0.001493) (0.250000,0.056244) (0.250000,0.469264) (0.250000,3.472999) 
   Base frequencies (ML): 0.261269 0.182476 0.263435 0.292821 
   Substitution rates (ML): 1.339562 3.913614 1.652354 0.739810 7.732214 1.000000 


Final LogLikelihood: -13335.338796

AIC score: 27290.677592 / AICc score: 27412.715567 / BIC score: 29009.584523
Free parameters (model + branch lengths): 310

WARNING: Best ML tree contains 11 near-zero branches!

Best ML tree with collapsed near-zero branches saved to: /home/adrien/Bureau/bioinfo.starter_am_taschen/data/data_intermediate/raxml_asv_muco_og.raxml.bestTreeCollapsed
Best ML tree saved to: /home/adrien/Bureau/bioinfo.starter_am_taschen/data/data_intermediate/raxml_asv_muco_og.raxml.bestTree
All ML trees saved to: /home/adrien/Bureau/bioinfo.starter_am_taschen/data/data_intermediate/raxml_asv_muco_og.raxml.mlTrees
Best ML tree with Felsenstein bootstrap (FBP) support values saved to: /home/adrien/Bureau/bioinfo.starter_am_taschen/data/data_intermediate/raxml_asv_muco_og.raxml.support
Optimized model saved to: /home/adrien/Bureau/bioinfo.starter_am_taschen/data/data_intermediate/raxml_asv_muco_og.raxml.bestModel
Bootstrap trees saved to: /home/adrien/Bureau/bioinfo.starter_am_taschen/data/data_intermediate/raxml_asv_muco_og.raxml.bootstraps

Execution log saved to: /home/adrien/Bureau/bioinfo.starter_am_taschen/data/data_intermediate/raxml_asv_muco_og.raxml.log

Analysis started: 10-Mar-2025 05:58:19 / finished: 10-Mar-2025 06:13:33

Elapsed time: 913.710 seconds

