
RAxML-NG v. 1.2.2-master released on 30.04.2024 by The Exelixis Lab.
Developed by: Alexey M. Kozlov and Alexandros Stamatakis.
Contributors: Diego Darriba, Tomas Flouri, Benoit Morel, Sarah Lutteropp, Ben Bettisworth, Julia Haag, Anastasis Togkousidis.
Latest version: https://github.com/amkozlov/raxml-ng
Questions/problems/suggestions? Please visit: https://groups.google.com/forum/#!forum/raxml

System: Intel(R) Core(TM) i5-9600K CPU @ 3.70GHz, 6 cores, 62 GB RAM (allocated: 3 physical cores)

RAxML-NG was called at 17-Mar-2025 10:46:47 as follows:

/home/adrien/Bureau/bioinfo.starter_am_taschen/data/data_raw/refseq/raxml-ng_v1.2.2_linux_x86_64/raxml-ng --all --msa seqs_mfre_for_mafft_MAFFTED.fasta --model GTR+G

Analysis options:
  run mode: ML tree search + bootstrapping (Felsenstein Bootstrap)
  start tree(s): random (10) + parsimony (10)
  bootstrap replicates: parsimony (max: 1000) + bootstopping (autoMRE, cutoff: 0.030000)
  random seed: 1742204807
  tip-inner: OFF
  pattern compression: ON
  per-rate scalers: OFF
  site repeats: ON
  logLH epsilon: general: 10.000000, brlen-triplet: 1000.000000
  fast spr radius: AUTO
  spr subtree cutoff: 1.000000
  fast CLV updates: ON
  branch lengths: proportional (ML estimate, algorithm: NR-FAST)
  SIMD kernels: AVX2
  parallelization: coarse-grained (auto), PTHREADS (auto)

[00:00:00] Reading alignment from file: seqs_mfre_for_mafft_MAFFTED.fasta
[00:00:00] Loaded alignment with 58 taxa and 1888 sites

Alignment comprises 1 partitions and 615 patterns

Partition 0: noname
Model: GTR+FO+G4m
Alignment sites / patterns: 1888 / 615
Gaps: 40.77 %
Invariant sites: 72.25 %


NOTE: Binary MSA file created: seqs_mfre_for_mafft_MAFFTED.fasta.raxml.rba

Parallelization scheme autoconfig: 3 worker(s) x 1 thread(s)

[00:00:00] Generating 10 random starting tree(s) with 58 taxa
[00:00:00] Generating 10 parsimony starting tree(s) with 58 taxa
Parallel parsimony with 3 threads
Parallel reduction/worker buffer size: 1 KB  / 0 KB

[00:00:00] Data distribution: max. partitions/sites/weight per thread: 1 / 615 / 9840
[00:00:00] Data distribution: max. searches per worker: 341

Starting ML tree search with 20 distinct starting trees

